[09/14/2024 20:00:36] a submitted b'ff' on 2 with kpm 0 [WRONG]
[10/01/2024 18:43:52] test submitted b'' on 2 with kpm 0 [WRONG]
[10/01/2024 19:12:36] test submitted b'' on 2 with kpm 0 [WRONG]
[10/01/2024 19:12:37] test submitted b'' on 2 with kpm 1 [WRONG]
[10/01/2024 19:15:45] test submitted b'' on 2 with kpm 0 [WRONG]
[10/01/2024 19:19:42] test submitted b'' on 2 with kpm 0 [WRONG]
[10/01/2024 19:20:06] test submitted b'' on 2 with kpm 1 [WRONG]
[10/01/2024 19:20:08] test submitted b'' on 2 with kpm 2 [WRONG]
[10/01/2024 19:20:15] test submitted b'' on 2 with kpm 3 [WRONG]
[10/01/2024 19:23:20] test submitted b'' on 2 with kpm 0 [WRONG]
[10/01/2024 19:26:35] test submitted b'' on 2 with kpm 0 [WRONG]
[10/01/2024 19:33:28] test submitted b'' on 2 with kpm 0 [WRONG]
[10/02/2024 16:04:30] admin submitted b'flag1' on 1 with kpm 0 [CORRECT]
[10/02/2024 16:04:37] admin submitted b'flag2' on 1 with kpm 0 [ALREADY SOLVED]
[10/02/2024 16:07:18] admin submitted b'' on 1 with kpm 0 [ALREADY SOLVED]
[10/02/2024 16:11:11] admin submitted b'' on 1 with kpm 0 [ALREADY SOLVED]
[10/02/2024 16:11:31] admin submitted b'' on 1 with kpm 0 [ALREADY SOLVED]
[10/02/2024 16:11:35] admin submitted b'' on 2 with kpm 0 [WRONG]
[10/02/2024 16:15:13] admin submitted b'' on 1 with kpm 0 [ALREADY SOLVED]
[10/02/2024 16:17:22] admin submitted b'' on 1 with kpm 0 [ALREADY SOLVED]
[10/02/2024 16:19:25] admin submitted b'flag1' on 1 with kpm 0 [ALREADY SOLVED]
[10/02/2024 16:52:15] admin submitted b'' on 1 with kpm 0 [ALREADY SOLVED]
[10/02/2024 16:57:40] admin submitted b'' on 1 with kpm 0 [ALREADY SOLVED]
[10/02/2024 16:57:42] admin submitted b'' on 2 with kpm 0 [WRONG]
[10/02/2024 17:05:48] admin submitted b'' on 2 with kpm 0 [WRONG]
[10/02/2024 17:05:50] admin submitted b'' on 2 with kpm 1 [WRONG]
[10/02/2024 17:05:54] admin submitted b'' on 2 with kpm 2 [WRONG]
[10/03/2024 19:48:19] admin submitted b'' on 2 with kpm 0 [WRONG]
[10/03/2024 19:48:21] admin submitted b'' on 1 with kpm 1 [ALREADY SOLVED]
